# JRE version: Java(TM) SE Runtime Environment (11.0.1+13) (build 11.0.1+13-LTS)
# Java VM: Java HotSpot(TM) 64-Bit Server VM (11.0.1+13-LTS, mixed mode, tiered, compressed oops, g1 gc, windows-amd64)
Heap:
 garbage-first heap   total 312320K, used 23311K [0x0000000702800000, 0x0000000800000000)
  region size 1024K, 11 young (11264K), 11 survivors (11264K)
 Metaspace       used 42111K, capacity 43331K, committed 43392K, reserved 1087488K
  class space    used 5017K, capacity 5504K, committed 5504K, reserved 1048576K
GC Heap History (10 events):
Event: 0.474 GC heap after
{Heap after GC invocations=1 (full 0):
 garbage-first heap   total 260096K, used 12403K [0x0000000702800000, 0x0000000800000000)
  region size 1024K, 3 young (3072K), 3 survivors (3072K)
 Metaspace       used 9588K, capacity 9775K, committed 9984K, reserved 1058816K
  class space    used 857K, capacity 918K, committed 1024K, reserved 1048576K
}
Event: 0.659 GC heap before
{Heap before GC invocations=1 (full 0):
 garbage-first heap   total 260096K, used 66675K [0x0000000702800000, 0x0000000800000000)
  region size 1024K, 57 young (58368K), 3 survivors (3072K)
 Metaspace       used 11648K, capacity 11825K, committed 12032K, reserved 1060864K
  class space    used 1109K, capacity 1156K, committed 1280K, reserved 1048576K
}
Event: 0.660 GC heap after
{Heap after GC invocations=2 (full 0):
 garbage-first heap   total 260096K, used 12852K [0x0000000702800000, 0x0000000800000000)
  region size 1024K, 4 young (4096K), 4 survivors (4096K)
 Metaspace       used 11648K, capacity 11825K, committed 12032K, reserved 1060864K
  class space    used 1109K, capacity 1156K, committed 1280K, reserved 1048576K
}
Event: 1.235 GC heap before
{Heap before GC invocations=2 (full 0):
 garbage-first heap   total 260096K, used 64052K [0x0000000702800000, 0x0000000800000000)
  region size 1024K, 56 young (57344K), 4 survivors (4096K)
 Metaspace       used 20669K, capacity 21156K, committed 21248K, reserved 1069056K
  class space    used 2299K, capacity 2482K, committed 2560K, reserved 1048576K
}
Event: 1.240 GC heap after
{Heap after GC invocations=3 (full 0):
 garbage-first heap   total 260096K, used 14892K [0x0000000702800000, 0x0000000800000000)
  region size 1024K, 6 young (6144K), 6 survivors (6144K)
 Metaspace       used 20669K, capacity 21156K, committed 21248K, reserved 1069056K
  class space    used 2299K, capacity 2482K, committed 2560K, reserved 1048576K
}
Event: 1.517 GC heap before
{Heap before GC invocations=4 (full 0):
 garbage-first heap   total 260096K, used 86572K [0x0000000702800000, 0x0000000800000000)
  region size 1024K, 77 young (78848K), 6 survivors (6144K)
 Metaspace       used 26458K, capacity 27147K, committed 27392K, reserved 1073152K
  class space    used 3066K, capacity 3328K, committed 3328K, reserved 1048576K
}
Event: 1.521 GC heap after
{Heap after GC invocations=5 (full 0):
 garbage-first heap   total 260096K, used 16772K [0x0000000702800000, 0x0000000800000000)
  region size 1024K, 5 young (5120K), 5 survivors (5120K)
 Metaspace       used 26458K, capacity 27147K, committed 27392K, reserved 1073152K
  class space    used 3066K, capacity 3328K, committed 3328K, reserved 1048576K
}
Event: 2.412 GC heap before
{Heap before GC invocations=5 (full 0):
 garbage-first heap   total 260096K, used 118148K [0x0000000702800000, 0x0000000800000000)
  region size 1024K, 106 young (108544K), 5 survivors (5120K)
 Metaspace       used 34878K, capacity 35775K, committed 35840K, reserved 1081344K
  class space    used 4084K, capacity 4445K, committed 4480K, reserved 1048576K
}
Event: 2.420 GC heap after
{Heap after GC invocations=6 (full 0):
 garbage-first heap   total 260096K, used 19322K [0x0000000702800000, 0x0000000800000000)
  region size 1024K, 7 young (7168K), 7 survivors (7168K)
 Metaspace       used 34878K, capacity 35775K, committed 35840K, reserved 1081344K
  class space    used 4084K, capacity 4445K, committed 4480K, reserved 1048576K
}
Event: 3.592 GC heap before
{Heap before GC invocations=7 (full 0):
 garbage-first heap   total 260096K, used 166778K [0x0000000702800000, 0x0000000800000000)
  region size 1024K, 152 young (155648K), 7 survivors (7168K)
 Metaspace       used 42111K, capacity 43331K, committed 43392K, reserved 1087488K
  class space    used 5017K, capacity 5504K, committed 5504K, reserved 1048576K
}

